<?xml version="1.0" encoding="UTF-8"?>
<!-- Generated by org.testng.reporters.JUnitXMLReporter -->
<testsuite ignored="0" hostname="Basavaraj-Dannannavar" failures="0" tests="10" name="ApproveCollateral" time="121.795" errors="0" timestamp="2023-11-06T20:12:41 IST">
  <testcase classname="SingleCollateralCompletionTestCases.AddCollateral" name="Login" time="7.971"/>
  <testcase classname="SingleCollateralCompletionTestCases.AddCollateral" name="AddCollaterl" time="7.092"/>
  <testcase classname="SingleCollateralCompletionTestCases.AddCollateral" name="AddPacketWithPacketID" time="5.012"/>
  <testcase classname="SingleCollateralCompletionTestCases.AddCollateral" name="AddOrnaments" time="19.054"/>
  <testcase classname="SingleCollateralCompletionTestCases.AddCollateral" name="SubmitCollateral" time="27.327"/>
  <testcase classname="SingleCollateralCompletionTestCases.AddCollateral" name="CloseBrowser" time="0.465"/>
  <testcase classname="SingleCollateralCompletionTestCases.ApproveCollateralByBM" name="Browser" time="1.22"/>
  <testcase classname="SingleCollateralCompletionTestCases.ApproveCollateralByBM" name="Login" time="7.78"/>
  <testcase classname="SingleCollateralCompletionTestCases.ApproveCollateralByBM" name="CollateralAdditionLink" time="41.385"/>
  <testcase classname="SingleCollateralCompletionTestCases.ApproveCollateralByBM" name="CloseBrowser" time="0.366"/>
</testsuite> <!-- ApproveCollateral -->
