<?xml version="1.0" encoding="UTF-8"?>
<!-- Generated by org.testng.reporters.JUnitXMLReporter -->
<testsuite ignored="0" hostname="Basavaraj-Dannannavar" failures="1" tests="47" name="Test" time="569.622" errors="0" timestamp="2023-11-05T16:22:49 IST">
  <testcase classname="SingleCollateralCompletionTestCases.AddCollateral" name="Login" time="7.281"/>
  <testcase classname="SingleCollateralCompletionTestCases.AddCollateral" name="AddCollaterl" time="11.355"/>
  <testcase classname="SingleCollateralCompletionTestCases.AddCollateral" name="AddPacketWithPacketID" time="7.432"/>
  <testcase classname="SingleCollateralCompletionTestCases.AddCollateral" name="AddOrnaments" time="18.462"/>
  <testcase classname="SingleCollateralCompletionTestCases.AddCollateral" name="SubmitCollateral" time="28.398"/>
  <testcase classname="SingleCollateralCompletionTestCases.AddCollateral" name="CloseBrowser" time="0.445"/>
  <testcase classname="SingleCollateralCompletionTestCases.ApproveCollateralByBM" name="Browser" time="1.38"/>
  <testcase classname="SingleCollateralCompletionTestCases.ApproveCollateralByBM" name="Login" time="6.73"/>
  <testcase classname="SingleCollateralCompletionTestCases.ApproveCollateralByBM" name="CollateralAdditionLink" time="41.097"/>
  <testcase classname="SingleCollateralCompletionTestCases.ApproveCollateralByBM" name="CloseBrowser" time="0.568"/>
  <testcase classname="SingleCollateralCompletionTestCases.ChargeAndMovementRequestByBM" name="Browser" time="1.318"/>
  <testcase classname="SingleCollateralCompletionTestCases.ChargeAndMovementRequestByBM" name="Login" time="2.512"/>
  <testcase classname="SingleCollateralCompletionTestCases.ChargeAndMovementRequestByBM" name="SearchCollateral" time="12.511"/>
  <testcase classname="SingleCollateralCompletionTestCases.ChargeAndMovementRequestByBM" name="ChargeRequestFormFillup" time="36.119"/>
  <testcase classname="SingleCollateralCompletionTestCases.RequestMovementCompletionByFO" name="Browser" time="1.463"/>
  <testcase classname="SingleCollateralCompletionTestCases.RequestMovementCompletionByFO" name="Login" time="9.724"/>
  <testcase classname="SingleCollateralCompletionTestCases.RequestMovementCompletionByFO" name="StartTrip" time="17.696"/>
  <testcase classname="SingleCollateralCompletionTestCases.RequestMovementCompletionByFO" name="TrackOngoingTrip" time="22.413"/>
  <testcase classname="SingleCollateralCompletionTestCases.RequestMovementCompletionByFO" name="CloseBrowser" time="0.365"/>
  <testcase classname="SingleCollateralCompletionTestCases.RequestChargeConfirmationByFO" name="Browser" time="1.091"/>
  <testcase classname="SingleCollateralCompletionTestCases.RequestChargeConfirmationByFO" name="Login" time="10.149"/>
  <testcase classname="SingleCollateralCompletionTestCases.RequestChargeConfirmationByFO" name="ChargeFormOpen" time="30.501"/>
  <testcase classname="SingleCollateralCompletionTestCases.RequestChargeConfirmationByFO" name="ChargeFillup" time="26.84"/>
  <testcase classname="SingleCollateralCompletionTestCases.RequestChargeConfirmationByFO" name="CloseBrowser" time="0.328"/>
  <testcase classname="SingleCollateralCompletionTestCases.ChargeConfirmationByBM" name="Browser" time="1.22"/>
  <testcase classname="SingleCollateralCompletionTestCases.ChargeConfirmationByBM" name="Login" time="9.678"/>
  <testcase classname="SingleCollateralCompletionTestCases.ChargeConfirmationByBM" name="OpenCharges" time="25.546"/>
  <testcase classname="SingleCollateralCompletionTestCases.ChargeConfirmationByBM" name="CloseBrowser" time="0.37"/>
  <testcase classname="SingleCollateralCompletionTestCases.ChargeReleaseRequestByBM" name="Browser" time="1.501"/>
  <testcase classname="SingleCollateralCompletionTestCases.ChargeReleaseRequestByBM" name="Login" time="11.305"/>
  <testcase classname="SingleCollateralCompletionTestCases.ChargeReleaseRequestByBM" name="ChargeReleaseForm" time="20.348"/>
  <testcase classname="SingleCollateralCompletionTestCases.ChargeReleaseRequestByBM" name="RequestClosure" time="26.472"/>
  <testcase classname="SingleCollateralCompletionTestCases.ChargeReleaseRequestByBM" name="CloseBrowser" time="0.322"/>
  <testcase classname="SingleCollateralCompletionTestCases.ReleaseMovementComplete" name="Browser" time="1.004"/>
  <testcase classname="SingleCollateralCompletionTestCases.ReleaseMovementComplete" name="Login" time="9.299"/>
  <testcase classname="SingleCollateralCompletionTestCases.ReleaseMovementComplete" name="StartTrip" time="16.077"/>
  <testcase classname="SingleCollateralCompletionTestCases.ReleaseMovementComplete" name="TrackOngoingTrip" time="41.486"/>
  <testcase classname="SingleCollateralCompletionTestCases.ReleaseMovementComplete" name="CloseBrowser" time="0.334"/>
  <testcase classname="SingleCollateralCompletionTestCases.ChargeClosureByBM" name="Browser" time="1.058"/>
  <testcase classname="SingleCollateralCompletionTestCases.ChargeClosureByBM" name="Login" time="7.718"/>
  <testcase classname="SingleCollateralCompletionTestCases.ChargeClosureByBM" name="ChargeClosure" time="32.22"/>
  <testcase classname="SingleCollateralCompletionTestCases.ChargeClosureByBM" name="OwnChargeClosure" time="24.621">
    <failure type="org.openqa.selenium.NoSuchElementException" message="no such element: Unable to locate element: {&amp;quot;method&amp;quot;:&amp;quot;xpath&amp;quot;,&amp;quot;selector&amp;quot;:&amp;quot;/html/body/div[2]/div/div[3]/div/div[2]/div/div[1]/div/div[3]/img&amp;quot;}
  (Session info: chrome=118.0.5993.120)
For documentation on this error, please visit: https://selenium.dev/exceptions/#no_such_element
Build info: version: &amp;apos;4.9.1&amp;apos;, revision: &amp;apos;eb2032df7f&amp;apos;
System info: os.name: &amp;apos;Windows 10&amp;apos;, os.arch: &amp;apos;amd64&amp;apos;, os.version: &amp;apos;10.0&amp;apos;, java.version: &amp;apos;20.0.1&amp;apos;
Driver info: org.openqa.selenium.chrome.ChromeDriver
Command: [bbd15ce177509d9361f35b8e1d0a4744, findElement {using=xpath, value=/html/body/div[2]/div/div[3]/div/div[2]/div/div[1]/div/div[3]/img}]
Capabilities {acceptInsecureCerts: false, browserName: chrome, browserVersion: 118.0.5993.120, chrome: {chromedriverVersion: 118.0.5993.70 (e52f33f30b91..., userDataDir: C:\Users\Lenovo\AppData\Loc...}, fedcm:accounts: true, goog:chromeOptions: {debuggerAddress: localhost:64036}, networkConnectionEnabled: false, pageLoadStrategy: normal, platformName: windows, proxy: Proxy(), se:cdp: ws://localhost:64036/devtoo..., se:cdpVersion: 118.0.5993.120, setWindowRect: true, strictFileInteractability: false, timeouts: {implicit: 0, pageLoad: 300000, script: 30000}, unhandledPromptBehavior: dismiss and notify, webauthn:extension:credBlob: true, webauthn:extension:largeBlob: true, webauthn:extension:minPinLength: true, webauthn:extension:prf: true, webauthn:virtualAuthenticators: true}
Session ID: bbd15ce177509d9361f35b8e1d0a4744">
      <![CDATA[org.openqa.selenium.NoSuchElementException: no such element: Unable to locate element: {"method":"xpath","selector":"/html/body/div[2]/div/div[3]/div/div[2]/div/div[1]/div/div[3]/img"}
  (Session info: chrome=118.0.5993.120)
For documentation on this error, please visit: https://selenium.dev/exceptions/#no_such_element
Build info: version: '4.9.1', revision: 'eb2032df7f'
System info: os.name: 'Windows 10', os.arch: 'amd64', os.version: '10.0', java.version: '20.0.1'
Driver info: org.openqa.selenium.chrome.ChromeDriver
Command: [bbd15ce177509d9361f35b8e1d0a4744, findElement {using=xpath, value=/html/body/div[2]/div/div[3]/div/div[2]/div/div[1]/div/div[3]/img}]
Capabilities {acceptInsecureCerts: false, browserName: chrome, browserVersion: 118.0.5993.120, chrome: {chromedriverVersion: 118.0.5993.70 (e52f33f30b91..., userDataDir: C:\Users\Lenovo\AppData\Loc...}, fedcm:accounts: true, goog:chromeOptions: {debuggerAddress: localhost:64036}, networkConnectionEnabled: false, pageLoadStrategy: normal, platformName: windows, proxy: Proxy(), se:cdp: ws://localhost:64036/devtoo..., se:cdpVersion: 118.0.5993.120, setWindowRect: true, strictFileInteractability: false, timeouts: {implicit: 0, pageLoad: 300000, script: 30000}, unhandledPromptBehavior: dismiss and notify, webauthn:extension:credBlob: true, webauthn:extension:largeBlob: true, webauthn:extension:minPinLength: true, webauthn:extension:prf: true, webauthn:virtualAuthenticators: true}
Session ID: bbd15ce177509d9361f35b8e1d0a4744
at org.openqa.selenium.remote.codec.w3c.W3CHttpResponseCodec.createException(W3CHttpResponseCodec.java:200)
at org.openqa.selenium.remote.codec.w3c.W3CHttpResponseCodec.decode(W3CHttpResponseCodec.java:133)
at org.openqa.selenium.remote.codec.w3c.W3CHttpResponseCodec.decode(W3CHttpResponseCodec.java:53)
at org.openqa.selenium.remote.HttpCommandExecutor.execute(HttpCommandExecutor.java:193)
at org.openqa.selenium.remote.service.DriverCommandExecutor.invokeExecute(DriverCommandExecutor.java:183)
at org.openqa.selenium.remote.service.DriverCommandExecutor.execute(DriverCommandExecutor.java:158)
at org.openqa.selenium.remote.RemoteWebDriver.execute(RemoteWebDriver.java:543)
at org.openqa.selenium.remote.ElementLocation$ElementFinder$2.findElement(ElementLocation.java:162)
at org.openqa.selenium.remote.ElementLocation.findElement(ElementLocation.java:60)
at org.openqa.selenium.remote.RemoteWebDriver.findElement(RemoteWebDriver.java:352)
at org.openqa.selenium.remote.RemoteWebDriver.findElement(RemoteWebDriver.java:344)
at SingleCollateralCompletionTestCases.ChargeClosureByBM.OwnChargeClosure(ChargeClosureByBM.java:111)
at java.base/java.util.ArrayList.forEach(ArrayList.java:1511)
... Removed 28 stack frames]]>
    </failure>
  </testcase> <!-- OwnChargeClosure -->
  <testcase classname="SingleCollateralCompletionTestCases.ChargeClosureByBM" name="CloseBrowser" time="0.365"/>
  <testcase classname="SingleCollateralCompletionTestCases.CollateralRelease" name="Browser" time="1.049"/>
  <testcase classname="SingleCollateralCompletionTestCases.CollateralRelease" name="Login" time="8.091"/>
  <testcase classname="SingleCollateralCompletionTestCases.CollateralRelease" name="CollateralRelease" time="28.914"/>
  <testcase classname="SingleCollateralCompletionTestCases.CollateralRelease" name="CloseBrowser" time="0.418"/>
</testsuite> <!-- Test -->
