<?xml version="1.0" encoding="UTF-8"?>
<testng-results ignored="0" total="6" passed="2" failed="1" skipped="3">
  <reporter-output>
  </reporter-output>
  <suite started-at="2023-10-17T21:33:48 IST" name="Default suite" finished-at="2023-10-17T21:34:13 IST" duration-ms="24430">
    <groups>
    </groups>
    <test started-at="2023-10-17T21:33:48 IST" name="Default test" finished-at="2023-10-17T21:34:13 IST" duration-ms="24430">
      <class name="SingleCollateralCompletionTestCases.AddCollateral">
        <test-method is-config="true" signature="Browser()[pri:0, instance:SingleCollateralCompletionTestCases.AddCollateral@6a6cb05c]" started-at="2023-10-17T21:33:48 IST" name="Browser" finished-at="2023-10-17T21:33:53 IST" duration-ms="4712" status="PASS">
          <reporter-output>
          </reporter-output>
        </test-method> <!-- Browser -->
        <test-method signature="Login()[pri:1, instance:SingleCollateralCompletionTestCases.AddCollateral@6a6cb05c]" started-at="2023-10-17T21:33:53 IST" name="Login" finished-at="2023-10-17T21:34:00 IST" duration-ms="6930" status="PASS">
          <reporter-output>
          </reporter-output>
        </test-method> <!-- Login -->
        <test-method signature="AddCollaterl()[pri:2, instance:SingleCollateralCompletionTestCases.AddCollateral@6a6cb05c]" started-at="2023-10-17T21:34:00 IST" name="AddCollaterl" finished-at="2023-10-17T21:34:08 IST" depends-on-methods="SingleCollateralCompletionTestCases.AddCollateral.Login" duration-ms="7613" status="PASS">
          <reporter-output>
          </reporter-output>
        </test-method> <!-- AddCollaterl -->
        <test-method signature="AddPacketWithPacketID(java.lang.String)[pri:3, instance:SingleCollateralCompletionTestCases.AddCollateral@6a6cb05c]" started-at="2023-10-17T21:34:08 IST" name="AddPacketWithPacketID" data-provider="Packet ID" finished-at="2023-10-17T21:34:13 IST" depends-on-methods="SingleCollateralCompletionTestCases.AddCollateral.AddCollaterl" duration-ms="4950" status="FAIL">
          <params>
            <param index="0">
              <value>
                <![CDATA[MAG0100000050142]]>
              </value>
            </param>
          </params>
          <exception class="java.lang.IllegalArgumentException">
            <message>
              <![CDATA[Keys to send should be a not null CharSequence]]>
            </message>
            <full-stacktrace>
              <![CDATA[java.lang.IllegalArgumentException: Keys to send should be a not null CharSequence
at org.openqa.selenium.remote.RemoteWebElement.sendKeys(RemoteWebElement.java:98)
at SingleCollateralCompletionTestCases.AddCollateral.AddPacketWithPacketID(AddCollateral.java:136)
at java.base/jdk.internal.reflect.DirectMethodHandleAccessor.invoke(DirectMethodHandleAccessor.java:104)
at java.base/java.lang.reflect.Method.invoke(Method.java:578)
at org.testng.internal.invokers.MethodInvocationHelper.invokeMethod(MethodInvocationHelper.java:139)
at org.testng.internal.invokers.TestInvoker.invokeMethod(TestInvoker.java:677)
at org.testng.internal.invokers.TestInvoker.invokeTestMethod(TestInvoker.java:221)
at org.testng.internal.invokers.MethodRunner.runInSequence(MethodRunner.java:50)
at org.testng.internal.invokers.TestInvoker$MethodInvocationAgent.invoke(TestInvoker.java:969)
at org.testng.internal.invokers.TestInvoker.invokeTestMethods(TestInvoker.java:194)
at org.testng.internal.invokers.TestMethodWorker.invokeTestMethods(TestMethodWorker.java:148)
at org.testng.internal.invokers.TestMethodWorker.run(TestMethodWorker.java:128)
at java.base/java.util.ArrayList.forEach(ArrayList.java:1511)
at org.testng.TestRunner.privateRun(TestRunner.java:829)
at org.testng.TestRunner.run(TestRunner.java:602)
at org.testng.SuiteRunner.runTest(SuiteRunner.java:437)
at org.testng.SuiteRunner.runSequentially(SuiteRunner.java:431)
at org.testng.SuiteRunner.privateRun(SuiteRunner.java:391)
at org.testng.SuiteRunner.run(SuiteRunner.java:330)
at org.testng.SuiteRunnerWorker.runSuite(SuiteRunnerWorker.java:52)
at org.testng.SuiteRunnerWorker.run(SuiteRunnerWorker.java:95)
at org.testng.TestNG.runSuitesSequentially(TestNG.java:1256)
at org.testng.TestNG.runSuitesLocally(TestNG.java:1176)
at org.testng.TestNG.runSuites(TestNG.java:1099)
at org.testng.TestNG.run(TestNG.java:1067)
at org.testng.remote.AbstractRemoteTestNG.run(AbstractRemoteTestNG.java:115)
at org.testng.remote.RemoteTestNG.initAndRun(RemoteTestNG.java:251)
at org.testng.remote.RemoteTestNG.main(RemoteTestNG.java:77)
]]>
            </full-stacktrace>
          </exception> <!-- java.lang.IllegalArgumentException -->
          <reporter-output>
          </reporter-output>
        </test-method> <!-- AddPacketWithPacketID -->
        <test-method signature="AddOrnaments()[pri:4, instance:SingleCollateralCompletionTestCases.AddCollateral@6a6cb05c]" started-at="2023-10-17T21:34:13 IST" name="AddOrnaments" finished-at="2023-10-17T21:34:13 IST" depends-on-methods="SingleCollateralCompletionTestCases.AddCollateral.AddPacketWithPacketID" duration-ms="0" status="SKIP">
          <exception class="java.lang.Throwable">
            <message>
              <![CDATA[Method SingleCollateralCompletionTestCases.AddCollateral.AddOrnaments() on instance SingleCollateralCompletionTestCases.AddCollateral@6a6cb05c depends on not successfully finished methods 
[SingleCollateralCompletionTestCases.AddCollateral.AddPacketWithPacketID() on instance SingleCollateralCompletionTestCases.AddCollateral@6a6cb05c]]]>
            </message>
            <full-stacktrace>
              <![CDATA[java.lang.Throwable: Method SingleCollateralCompletionTestCases.AddCollateral.AddOrnaments() on instance SingleCollateralCompletionTestCases.AddCollateral@6a6cb05c depends on not successfully finished methods 
[SingleCollateralCompletionTestCases.AddCollateral.AddPacketWithPacketID() on instance SingleCollateralCompletionTestCases.AddCollateral@6a6cb05c]
at org.testng.internal.invokers.TestInvoker.invokeTestMethods(TestInvoker.java:150)
at org.testng.internal.invokers.TestMethodWorker.invokeTestMethods(TestMethodWorker.java:148)
at org.testng.internal.invokers.TestMethodWorker.run(TestMethodWorker.java:128)
at java.base/java.util.ArrayList.forEach(ArrayList.java:1511)
at org.testng.TestRunner.privateRun(TestRunner.java:829)
at org.testng.TestRunner.run(TestRunner.java:602)
at org.testng.SuiteRunner.runTest(SuiteRunner.java:437)
at org.testng.SuiteRunner.runSequentially(SuiteRunner.java:431)
at org.testng.SuiteRunner.privateRun(SuiteRunner.java:391)
at org.testng.SuiteRunner.run(SuiteRunner.java:330)
at org.testng.SuiteRunnerWorker.runSuite(SuiteRunnerWorker.java:52)
at org.testng.SuiteRunnerWorker.run(SuiteRunnerWorker.java:95)
at org.testng.TestNG.runSuitesSequentially(TestNG.java:1256)
at org.testng.TestNG.runSuitesLocally(TestNG.java:1176)
at org.testng.TestNG.runSuites(TestNG.java:1099)
at org.testng.TestNG.run(TestNG.java:1067)
at org.testng.remote.AbstractRemoteTestNG.run(AbstractRemoteTestNG.java:115)
at org.testng.remote.RemoteTestNG.initAndRun(RemoteTestNG.java:251)
at org.testng.remote.RemoteTestNG.main(RemoteTestNG.java:77)
]]>
            </full-stacktrace>
          </exception> <!-- java.lang.Throwable -->
          <reporter-output>
          </reporter-output>
        </test-method> <!-- AddOrnaments -->
        <test-method signature="SubmitCollateral()[pri:5, instance:SingleCollateralCompletionTestCases.AddCollateral@6a6cb05c]" started-at="2023-10-17T21:34:13 IST" name="SubmitCollateral" finished-at="2023-10-17T21:34:13 IST" depends-on-methods="SingleCollateralCompletionTestCases.AddCollateral.AddOrnaments" duration-ms="0" status="SKIP">
          <exception class="java.lang.Throwable">
            <message>
              <![CDATA[Method SingleCollateralCompletionTestCases.AddCollateral.SubmitCollateral() on instance SingleCollateralCompletionTestCases.AddCollateral@6a6cb05c depends on not successfully finished methods 
[SingleCollateralCompletionTestCases.AddCollateral.AddOrnaments() on instance SingleCollateralCompletionTestCases.AddCollateral@6a6cb05c]]]>
            </message>
            <full-stacktrace>
              <![CDATA[java.lang.Throwable: Method SingleCollateralCompletionTestCases.AddCollateral.SubmitCollateral() on instance SingleCollateralCompletionTestCases.AddCollateral@6a6cb05c depends on not successfully finished methods 
[SingleCollateralCompletionTestCases.AddCollateral.AddOrnaments() on instance SingleCollateralCompletionTestCases.AddCollateral@6a6cb05c]
at org.testng.internal.invokers.TestInvoker.invokeTestMethods(TestInvoker.java:150)
at org.testng.internal.invokers.TestMethodWorker.invokeTestMethods(TestMethodWorker.java:148)
at org.testng.internal.invokers.TestMethodWorker.run(TestMethodWorker.java:128)
at java.base/java.util.ArrayList.forEach(ArrayList.java:1511)
at org.testng.TestRunner.privateRun(TestRunner.java:829)
at org.testng.TestRunner.run(TestRunner.java:602)
at org.testng.SuiteRunner.runTest(SuiteRunner.java:437)
at org.testng.SuiteRunner.runSequentially(SuiteRunner.java:431)
at org.testng.SuiteRunner.privateRun(SuiteRunner.java:391)
at org.testng.SuiteRunner.run(SuiteRunner.java:330)
at org.testng.SuiteRunnerWorker.runSuite(SuiteRunnerWorker.java:52)
at org.testng.SuiteRunnerWorker.run(SuiteRunnerWorker.java:95)
at org.testng.TestNG.runSuitesSequentially(TestNG.java:1256)
at org.testng.TestNG.runSuitesLocally(TestNG.java:1176)
at org.testng.TestNG.runSuites(TestNG.java:1099)
at org.testng.TestNG.run(TestNG.java:1067)
at org.testng.remote.AbstractRemoteTestNG.run(AbstractRemoteTestNG.java:115)
at org.testng.remote.RemoteTestNG.initAndRun(RemoteTestNG.java:251)
at org.testng.remote.RemoteTestNG.main(RemoteTestNG.java:77)
]]>
            </full-stacktrace>
          </exception> <!-- java.lang.Throwable -->
          <reporter-output>
          </reporter-output>
        </test-method> <!-- SubmitCollateral -->
        <test-method signature="CloseBrowser()[pri:6, instance:SingleCollateralCompletionTestCases.AddCollateral@6a6cb05c]" started-at="2023-10-17T21:34:13 IST" name="CloseBrowser" finished-at="2023-10-17T21:34:13 IST" depends-on-methods="SingleCollateralCompletionTestCases.AddCollateral.SubmitCollateral" duration-ms="0" status="SKIP">
          <exception class="java.lang.Throwable">
            <message>
              <![CDATA[Method SingleCollateralCompletionTestCases.AddCollateral.CloseBrowser() on instance SingleCollateralCompletionTestCases.AddCollateral@6a6cb05c depends on not successfully finished methods 
[SingleCollateralCompletionTestCases.AddCollateral.SubmitCollateral() on instance SingleCollateralCompletionTestCases.AddCollateral@6a6cb05c]]]>
            </message>
            <full-stacktrace>
              <![CDATA[java.lang.Throwable: Method SingleCollateralCompletionTestCases.AddCollateral.CloseBrowser() on instance SingleCollateralCompletionTestCases.AddCollateral@6a6cb05c depends on not successfully finished methods 
[SingleCollateralCompletionTestCases.AddCollateral.SubmitCollateral() on instance SingleCollateralCompletionTestCases.AddCollateral@6a6cb05c]
at org.testng.internal.invokers.TestInvoker.invokeTestMethods(TestInvoker.java:150)
at org.testng.internal.invokers.TestMethodWorker.invokeTestMethods(TestMethodWorker.java:148)
at org.testng.internal.invokers.TestMethodWorker.run(TestMethodWorker.java:128)
at java.base/java.util.ArrayList.forEach(ArrayList.java:1511)
at org.testng.TestRunner.privateRun(TestRunner.java:829)
at org.testng.TestRunner.run(TestRunner.java:602)
at org.testng.SuiteRunner.runTest(SuiteRunner.java:437)
at org.testng.SuiteRunner.runSequentially(SuiteRunner.java:431)
at org.testng.SuiteRunner.privateRun(SuiteRunner.java:391)
at org.testng.SuiteRunner.run(SuiteRunner.java:330)
at org.testng.SuiteRunnerWorker.runSuite(SuiteRunnerWorker.java:52)
at org.testng.SuiteRunnerWorker.run(SuiteRunnerWorker.java:95)
at org.testng.TestNG.runSuitesSequentially(TestNG.java:1256)
at org.testng.TestNG.runSuitesLocally(TestNG.java:1176)
at org.testng.TestNG.runSuites(TestNG.java:1099)
at org.testng.TestNG.run(TestNG.java:1067)
at org.testng.remote.AbstractRemoteTestNG.run(AbstractRemoteTestNG.java:115)
at org.testng.remote.RemoteTestNG.initAndRun(RemoteTestNG.java:251)
at org.testng.remote.RemoteTestNG.main(RemoteTestNG.java:77)
]]>
            </full-stacktrace>
          </exception> <!-- java.lang.Throwable -->
          <reporter-output>
          </reporter-output>
        </test-method> <!-- CloseBrowser -->
      </class> <!-- SingleCollateralCompletionTestCases.AddCollateral -->
    </test> <!-- Default test -->
  </suite> <!-- Default suite -->
</testng-results>
