<?xml version="1.0" encoding="UTF-8"?>
<!-- Generated by org.testng.reporters.JUnitXMLReporter -->
<testsuite ignored="0" hostname="DESKTOP-FF2F2R1" failures="0" tests="6" name="Default test" time="71.754" errors="0" timestamp="2023-10-18T13:10:00 IST">
  <testcase classname="SingleCollateralCompletionTestCases.AddCollateral" name="Login" time="6.13"/>
  <testcase classname="SingleCollateralCompletionTestCases.AddCollateral" name="AddCollaterl" time="5.881"/>
  <testcase classname="SingleCollateralCompletionTestCases.AddCollateral" name="AddPacketWithPacketID" time="6.589"/>
  <testcase classname="SingleCollateralCompletionTestCases.AddCollateral" name="AddOrnaments" time="18.837"/>
  <testcase classname="SingleCollateralCompletionTestCases.AddCollateral" name="SubmitCollateral" time="28.386"/>
  <testcase classname="SingleCollateralCompletionTestCases.AddCollateral" name="CloseBrowser" time="0.867"/>
</testsuite> <!-- Default test -->
