<?xml version="1.0" encoding="UTF-8"?>
<!-- Generated by org.testng.reporters.JUnitXMLReporter -->
<testsuite ignored="0" hostname="DESKTOP-FF2F2R1" failures="0" tests="4" name="Default test" time="52.919" errors="0" timestamp="2023-10-17T14:22:58 IST">
  <testcase classname="SingleCollateralCompletionTestCases.ApproveCollateralByBM" name="Browser" time="5.01"/>
  <testcase classname="SingleCollateralCompletionTestCases.ApproveCollateralByBM" name="Login" time="6.258"/>
  <testcase classname="SingleCollateralCompletionTestCases.ApproveCollateralByBM" name="CollateralAdditionLink" time="41.014"/>
  <testcase classname="SingleCollateralCompletionTestCases.ApproveCollateralByBM" name="CloseBrowser" time="0.527"/>
</testsuite> <!-- Default test -->
