<?xml version="1.0" encoding="UTF-8"?>
<testng-results ignored="0" total="4" passed="4" failed="0" skipped="0">
  <reporter-output>
  </reporter-output>
  <suite started-at="2023-08-01T11:23:55 IST" name="Default suite" finished-at="2023-08-01T11:24:12 IST" duration-ms="17800">
    <groups>
    </groups>
    <test started-at="2023-08-01T11:23:55 IST" name="Default test" finished-at="2023-08-01T11:24:12 IST" duration-ms="17800">
      <class name="User.ChangeUserPassword">
        <test-method is-config="true" signature="setUp()[pri:0, instance:User.ChangeUserPassword@5bda8e08]" started-at="2023-08-01T11:23:55 IST" name="setUp" finished-at="2023-08-01T11:23:58 IST" duration-ms="3279" status="PASS">
          <reporter-output>
          </reporter-output>
        </test-method> <!-- setUp -->
        <test-method signature="RememberMe()[pri:0, instance:User.ChangeUserPassword@5bda8e08]" started-at="2023-08-01T11:23:58 IST" name="RememberMe" finished-at="2023-08-01T11:24:03 IST" duration-ms="5270" status="PASS">
          <reporter-output>
          </reporter-output>
        </test-method> <!-- RememberMe -->
        <test-method signature="GotoUser()[pri:1, instance:User.ChangeUserPassword@5bda8e08]" started-at="2023-08-01T11:24:03 IST" name="GotoUser" finished-at="2023-08-01T11:24:06 IST" duration-ms="2290" status="PASS">
          <reporter-output>
          </reporter-output>
        </test-method> <!-- GotoUser -->
        <test-method signature="ChangePassword()[pri:2, instance:User.ChangeUserPassword@5bda8e08]" started-at="2023-08-01T11:24:06 IST" name="ChangePassword" finished-at="2023-08-01T11:24:11 IST" duration-ms="5879" status="PASS">
          <reporter-output>
          </reporter-output>
        </test-method> <!-- ChangePassword -->
        <test-method signature="CheckLoginWithChangedPassword()[pri:3, instance:User.ChangeUserPassword@5bda8e08]" started-at="2023-08-01T11:24:11 IST" name="CheckLoginWithChangedPassword" finished-at="2023-08-01T11:24:12 IST" duration-ms="991" status="PASS">
          <reporter-output>
          </reporter-output>
        </test-method> <!-- CheckLoginWithChangedPassword -->
      </class> <!-- User.ChangeUserPassword -->
    </test> <!-- Default test -->
  </suite> <!-- Default suite -->
</testng-results>
