<?xml version="1.0" encoding="UTF-8"?>
<!-- Generated by org.testng.reporters.JUnitXMLReporter -->
<testsuite ignored="0" hostname="DESKTOP-FF2F2R1" failures="0" tests="4" name="Default test" time="17.8" errors="0" timestamp="2023-08-01T11:24:12 IST">
  <testcase classname="User.ChangeUserPassword" name="RememberMe" time="5.27"/>
  <testcase classname="User.ChangeUserPassword" name="GotoUser" time="2.29"/>
  <testcase classname="User.ChangeUserPassword" name="ChangePassword" time="5.879"/>
  <testcase classname="User.ChangeUserPassword" name="CheckLoginWithChangedPassword" time="0.991"/>
</testsuite> <!-- Default test -->
