<?xml version="1.0" encoding="UTF-8"?>
<!-- Generated by org.testng.reporters.JUnitXMLReporter -->
<testsuite ignored="0" hostname="DESKTOP-FF2F2R1" failures="0" tests="3" name="Default test" time="36.835" errors="0" timestamp="2023-08-04T18:09:55 IST">
  <testcase classname="ClientCreation.LoginwithValidCredential" name="RememberMe" time="26.194"/>
  <testcase classname="ClientCreation.UploadProfileImage" name="GotoClientDetailsPage" time="3.492"/>
  <testcase classname="ClientCreation.UploadProfileImage" name="UploadImage" time="2.938"/>
</testsuite> <!-- Default test -->
